<?xml version="1.0" encoding="UTF-8"?>
<!-- Generated by org.testng.reporters.JUnitReportReporter -->
<testsuite hostname="RoeyC-AsusN551" name="com.mv4d.oxalis.TestCaseManual" tests="1" failures="0" timestamp="30 Oct 2016 12:49:58 GMT" time="37.150" errors="1">
  <testcase name="testCase6" time="37.150" classname="com.mv4d.oxalis.TestCaseManual">
    <error type="org.openqa.selenium.WebDriverException" message="An unknown server-side error occurred while processing the command. (WARNING: The server did not provide any stacktrace information)
Command duration or timeout: 575 milliseconds
Build info: version: &#039;2.53.0&#039;, revision: &#039;35ae25b&#039;, time: &#039;2016-03-15 16:57:40&#039;
System info: host: &#039;RoeyC-AsusN551&#039;, ip: &#039;10.22.3.134&#039;, os.name: &#039;Windows 10&#039;, os.arch: &#039;amd64&#039;, os.version: &#039;10.0&#039;, java.version: &#039;1.8.0_77&#039;
Driver info: io.appium.java_client.android.AndroidDriver
Capabilities [{app=D:\Eclipse_enviromen\workspace\Device_calibration1.2(TestNG)\Apps\App1\DeviceCalibration.apk, appPackage=com.mv4d.devicecalib, networkConnectionEnabled=true, noReset=true, warnings={}, databaseEnabled=false, deviceName=04157df4e01f6614, fullReset=false, platform=LINUX, appActivity=main.SplashActivity, desired={app=D:\Eclipse_enviromen\workspace\Device_calibration1.2(TestNG)\Apps\App1\DeviceCalibration.apk, appPackage=com.mv4d.devicecalib, appActivity=main.SplashActivity, noReset=true, newCommandTimeout=320, platformVersion=5.0.2, browserName=, udid=04157df4e01f6614, platformName=Android, deviceName=MantisQA, fullReset=false}, newCommandTimeout=320, platformVersion=5.0.2, webStorageEnabled=false, locationContextEnabled=false, browserName=, takesScreenshot=true, javascriptEnabled=true, udid=04157df4e01f6614, platformName=Android}]
Session ID: baa5729d-c24b-49f7-85b8-56533feb9072">
      <![CDATA[org.openqa.selenium.WebDriverException: An unknown server-side error occurred while processing the command. (WARNING: The server did not provide any stacktrace information)
Command duration or timeout: 575 milliseconds
Build info: version: '2.53.0', revision: '35ae25b', time: '2016-03-15 16:57:40'
System info: host: 'RoeyC-AsusN551', ip: '10.22.3.134', os.name: 'Windows 10', os.arch: 'amd64', os.version: '10.0', java.version: '1.8.0_77'
Driver info: io.appium.java_client.android.AndroidDriver
Capabilities [{app=D:\Eclipse_enviromen\workspace\Device_calibration1.2(TestNG)\Apps\App1\DeviceCalibration.apk, appPackage=com.mv4d.devicecalib, networkConnectionEnabled=true, noReset=true, warnings={}, databaseEnabled=false, deviceName=04157df4e01f6614, fullReset=false, platform=LINUX, appActivity=main.SplashActivity, desired={app=D:\Eclipse_enviromen\workspace\Device_calibration1.2(TestNG)\Apps\App1\DeviceCalibration.apk, appPackage=com.mv4d.devicecalib, appActivity=main.SplashActivity, noReset=true, newCommandTimeout=320, platformVersion=5.0.2, browserName=, udid=04157df4e01f6614, platformName=Android, deviceName=MantisQA, fullReset=false}, newCommandTimeout=320, platformVersion=5.0.2, webStorageEnabled=false, locationContextEnabled=false, browserName=, takesScreenshot=true, javascriptEnabled=true, udid=04157df4e01f6614, platformName=Android}]
Session ID: baa5729d-c24b-49f7-85b8-56533feb9072
	at sun.reflect.NativeConstructorAccessorImpl.newInstance0(Native Method)
	at sun.reflect.NativeConstructorAccessorImpl.newInstance(Unknown Source)
	at sun.reflect.DelegatingConstructorAccessorImpl.newInstance(Unknown Source)
	at java.lang.reflect.Constructor.newInstance(Unknown Source)
	at org.openqa.selenium.remote.ErrorHandler.createThrowable(ErrorHandler.java:206)
	at org.openqa.selenium.remote.ErrorHandler.throwIfResponseFailed(ErrorHandler.java:158)
	at org.openqa.selenium.remote.RemoteWebDriver.execute(RemoteWebDriver.java:678)
	at io.appium.java_client.DefaultGenericMobileDriver.execute(DefaultGenericMobileDriver.java:43)
	at io.appium.java_client.AppiumDriver.execute(AppiumDriver.java:1)
	at io.appium.java_client.android.AndroidDriver.execute(AndroidDriver.java:1)
	at io.appium.java_client.AppiumDriver.performTouchAction(AppiumDriver.java:316)
	at io.appium.java_client.TouchAction.perform(TouchAction.java:318)
	at io.appium.java_client.AppiumDriver.swipe(AppiumDriver.java:365)
	at com.mv4d.oxalis.TestCaseManual.testCase6(TestCaseManual.java:104)
	at sun.reflect.NativeMethodAccessorImpl.invoke0(Native Method)
	at sun.reflect.NativeMethodAccessorImpl.invoke(Unknown Source)
	at sun.reflect.DelegatingMethodAccessorImpl.invoke(Unknown Source)
	at java.lang.reflect.Method.invoke(Unknown Source)
	at org.testng.internal.MethodInvocationHelper.invokeMethod(MethodInvocationHelper.java:100)
	at org.testng.internal.Invoker.invokeMethod(Invoker.java:646)
	at org.testng.internal.Invoker.invokeTestMethod(Invoker.java:811)
	at org.testng.internal.Invoker.invokeTestMethods(Invoker.java:1129)
	at org.testng.internal.TestMethodWorker.invokeTestMethods(TestMethodWorker.java:129)
	at org.testng.internal.TestMethodWorker.run(TestMethodWorker.java:112)
	at org.testng.TestRunner.privateRun(TestRunner.java:746)
	at org.testng.TestRunner.run(TestRunner.java:600)
	at org.testng.SuiteRunner.runTest(SuiteRunner.java:366)
	at org.testng.SuiteRunner.runSequentially(SuiteRunner.java:361)
	at org.testng.SuiteRunner.privateRun(SuiteRunner.java:319)
	at org.testng.SuiteRunner.run(SuiteRunner.java:268)
	at org.testng.SuiteRunnerWorker.runSuite(SuiteRunnerWorker.java:52)
	at org.testng.SuiteRunnerWorker.run(SuiteRunnerWorker.java:86)
	at org.testng.TestNG.runSuitesSequentially(TestNG.java:1264)
	at org.testng.TestNG.runSuitesLocally(TestNG.java:1189)
	at org.testng.TestNG.runSuites(TestNG.java:1104)
	at org.testng.TestNG.run(TestNG.java:1076)
	at org.testng.remote.AbstractRemoteTestNG.run(AbstractRemoteTestNG.java:126)
	at org.testng.remote.RemoteTestNG.initAndRun(RemoteTestNG.java:152)
	at org.testng.remote.RemoteTestNG.main(RemoteTestNG.java:57)
]]>
    </error>
  </testcase> <!-- testCase6 -->
</testsuite> <!-- com.mv4d.oxalis.TestCaseManual -->
